Beginning training
C:\Users\harry\Anaconda3\envs\ML38\lib\site-packages\torch\nn\modules\module.py:760: UserWarning: Using non-full backward hooks on a Module that does not return a single Tensor or a tuple of Tensors is deprecated and will be removed in future versions. This hook will be missing some of the grad_output. Please use register_full_backward_hook to get the documented behavior.
  warnings.warn("Using non-full backward hooks on a Module that does not return a "
C:\Users\harry\Anaconda3\envs\ML38\lib\site-packages\torch\nn\modules\module.py:795: UserWarning: Using a non-full backward hook when the forward contains multiple autograd Nodes is deprecated and will be removed in future versions. This hook will be missing some grad_input. Please use register_full_backward_hook to get the documented behavior.
  warnings.warn("Using a non-full backward hook when the forward contains multiple autograd Nodes "
Epoch 01: | Train Loss: 3.09769 | Val Loss: 3.17498
Finished Training
Traceback (most recent call last):
  File "C:\Users\harry\Anaconda3\envs\ML38\lib\site-packages\numpy\lib\npyio.py", line 1447, in savetxt
    v = format % tuple(row) + newline
TypeError: must be real number, not numpy.str_

During handling of the above exception, another exception occurred:

Traceback (most recent call last):
  File "C:/Users/harry/PycharmProjects/ANLE_Assignment/LSTMNeuralLanguageModel.py", line 292, in <module>
    print(NLM.sample(NLM.train_model(save_model=True), 10, prime='hey ', top_k=5))
  File "C:/Users/harry/PycharmProjects/ANLE_Assignment/LSTMNeuralLanguageModel.py", line 174, in train_model
    np.savetxt(f"{save_path}/{wandb.run.name}_CHARS.csv", np.asarray(self.chars), delimiter=',')
  File "<__array_function__ internals>", line 5, in savetxt
  File "C:\Users\harry\Anaconda3\envs\ML38\lib\site-packages\numpy\lib\npyio.py", line 1449, in savetxt
    raise TypeError("Mismatch between array dtype ('%s') and "
TypeError: Mismatch between array dtype ('<U1') and format specifier ('%.18e')
